IQ-TREE multicore version 1.6.5 for Linux 64-bit built May  8 2018
Developed by Bui Quang Minh, Nguyen Lam Tung, Olga Chernomor,
Heiko Schmidt, Dominik Schrempf, Michael Woodhams.

Host:    genomics (AVX2, FMA3, 172 GB RAM)
Command: iqtree -s concatenated.phy -alrt 1000 -bb 1000 -nt 16
Seed:    118167 (Using SPRNG - Scalable Parallel Random Number Generator)
Time:    Tue Dec 25 20:30:29 2018
Kernel:  AVX+FMA - 16 threads (16 CPU cores detected)

Reading alignment file concatenated.phy ... Phylip format detected
Alignment most likely contains protein sequences
Alignment has 43 sequences with 6068 columns, 3285 distinct patterns
2687 parsimony-informative, 782 singleton sites, 2599 constant sites
                         Gap/Ambiguity  Composition  p-value
   1  B.bigemina              0.02%    passed     50.74%
   2  B.bovis                 0.02%    passed     39.40%
   3  B.microti                 0.03%    passed     75.75%
   4  C.andersoni            0.02%    passed     79.55%
   5  C.cayetanensis              0.25%    failed      0.12%
   6  C.felis               0.23%    passed     75.92%
   7  C.hominis              0.02%    passed     91.67%
   8  C.muris                 0.02%    passed     94.51%
   9  C.parvum              0.10%    passed     96.24%
  10  C.ubiquitum            0.02%    passed     79.97%
  11  C.velia             0.07%    failed      0.00%
  12  E.acervulina        0.20%    failed      0.08%
  13  E.falciformis              0.00%    failed      0.15%
  14  E.maxima                   0.02%    failed      0.14%
  15  E.mitis                    0.28%    failed      0.01%
  16  E.necatrix                 0.00%    failed      0.14%
  17  E.tenella                  0.00%    failed      0.21%
  18  G.niphandrodes       0.07%    failed      0.00%
  19  H.hammondi                 0.00%    failed      0.03%
  20  N.caninum                  0.25%    failed      0.10%
  21  P.berghei               0.02%    failed      0.04%
  22  P.chabaudi          0.02%    failed      0.17%
  23  P.coatneyi           0.02%    failed      2.07%
  24  P.cynomolgi                0.21%    passed      6.34%
  25  P.falciparum             0.02%    failed      0.37%
  26  P.fragile            0.02%    failed      1.85%
  27  P.gaboni                0.02%    failed      0.28%
  28  P.gallinaceum             0.02%    failed      0.00%
  29  P.inui           0.02%    failed      2.73%
  30  P.knowlesi                 0.02%    passed      5.60%
  31  P.malariae              0.02%    failed      0.37%
  32  P.ovale          0.02%    failed      0.36%
  33  P.reichenowi             0.02%    failed      0.78%
  34  P.relictum              0.02%    failed      0.01%
  35  P.vinckei          0.02%    failed      0.06%
  36  P.vivax                 0.02%    passed      8.85%
  37  P.yoelii           0.02%    failed      0.05%
  38  S.neurona                0.00%    failed      0.00%
  39  T.annulata            0.26%    passed     97.76%
  40  T.gondii                 0.00%    failed      0.08%
  41  T.orientalis        0.13%    passed     47.84%
  42  T.parva               0.02%    passed     89.44%
  43  V.brassicaformis    0.61%    failed      0.02%
****  TOTAL                      0.07%  28 sequences failed composition chi2 test (p-value<5%; df=19)


Create initial parsimony tree by phylogenetic likelihood library (PLL)... 0.132 seconds
NOTE: ModelFinder requires 232 MB RAM!
ModelFinder will test 546 protein models (sample size: 6068) ...
 No. Model         -LnL         df  AIC          AICc         BIC
  1  Dayhoff       97107.275    83  194380.551   194382.881   194937.546
  2  Dayhoff+I     93490.077    84  187148.154   187150.540   187711.860
  3  Dayhoff+G4    91576.183    84  183320.365   183322.752   183884.071
  4  Dayhoff+I+G4  91475.236    85  183120.473   183122.917   183690.889
  5  Dayhoff+R2    92045.794    85  184261.588   184264.032   184832.005
  6  Dayhoff+R3    91363.057    87  182900.113   182902.674   183483.952
  7  Dayhoff+R4    91264.954    89  182707.908   182710.588   183305.168
  8  Dayhoff+R5    91263.862    91  182709.724   182712.526   183320.405
 14  Dayhoff+F     96647.656    102 193499.312   193502.835   194183.812
 15  Dayhoff+F+I   93129.506    103 186465.011   186468.603   187156.222
 16  Dayhoff+F+G4  91233.697    103 182673.394   182676.987   183364.605
 17  Dayhoff+F+I+G4 91138.847    104 182485.694   182489.357   183183.616
 18  Dayhoff+F+R2  91692.566    104 183593.131   183596.794   184291.053
 19  Dayhoff+F+R3  91013.975    106 182239.951   182243.756   182951.294
 20  Dayhoff+F+R4  90914.816    108 182045.632   182049.583   182770.397
 21  Dayhoff+F+R5  90914.323    110 182048.647   182052.746   182786.833
 27  mtMAM         104564.120   83  209294.239   209296.570   209851.234
 28  mtMAM+I       101104.473   84  202376.946   202379.332   202940.651
 29  mtMAM+G4      96688.771    84  193545.541   193547.928   194109.247
 30  mtMAM+I+G4    96620.325    85  193410.650   193413.094   193981.066
 31  mtMAM+R2      97697.750    85  195565.500   195567.944   196135.916
 32  mtMAM+R3      96533.268    87  193240.536   193243.097   193824.375
 33  mtMAM+R4      96273.760    89  192725.520   192728.200   193322.780
 34  mtMAM+R5      96218.677    91  192619.354   192622.156   193230.035
 35  mtMAM+R6      96185.073    93  192556.145   192559.072   193180.248
 36  mtMAM+R7      96185.017    95  192560.034   192563.088   193197.559
 40  mtMAM+F       100908.497   102 202020.994   202024.516   202705.494
 41  mtMAM+F+I     97338.598    103 194883.196   194886.788   195574.407
 42  mtMAM+F+G4    93884.522    103 187975.045   187978.637   188666.256
 43  mtMAM+F+I+G4  93800.968    104 187809.937   187813.599   188507.858
 44  mtMAM+F+R2    94658.260    104 189524.521   189528.183   190222.442
 45  mtMAM+F+R3    93700.391    106 187612.782   187616.587   188324.125
 46  mtMAM+F+R4    93454.014    108 187124.027   187127.978   187848.792
 47  mtMAM+F+R5    93424.278    110 187068.555   187072.654   187806.741
 48  mtMAM+F+R6    93400.149    112 187024.298   187028.548   187775.906
 49  mtMAM+F+R7    93400.059    114 187028.118   187032.523   187793.148
 53  JTT           96152.498    83  192470.996   192473.326   193027.991
 54  JTT+I         92687.683    84  185543.366   185545.753   186107.072
 55  JTT+G4        90932.399    84  182032.798   182035.185   182596.504
 56  JTT+I+G4      90841.218    85  181852.436   181854.880   182422.853
 57  JTT+R2        91329.029    85  182828.057   182830.501   183398.474
 58  JTT+R3        90713.583    87  181601.167   181603.727   182185.005
 59  JTT+R4        90639.988    89  181457.977   181460.657   182055.237
 60  JTT+R5        90638.127    91  181458.253   181461.055   182068.935
 66  JTT+F         96032.937    102 192269.873   192273.396   192954.373
 67  JTT+F+I       92605.048    103 185416.096   185419.688   186107.307
 68  JTT+F+G4      90849.016    103 181904.031   181907.623   182595.242
 69  JTT+F+I+G4    90760.075    104 181728.150   181731.812   182426.071
 70  JTT+F+R2      91241.619    104 182691.238   182694.900   183389.159
 71  JTT+F+R3      90629.831    106 181471.662   181475.467   182183.005
 72  JTT+F+R4      90556.239    108 181328.479   181332.430   182053.244
 73  JTT+F+R5      90553.894    110 181327.787   181331.886   182065.973
 79  WAG           95594.647    83  191355.295   191357.625   191912.290
 80  WAG+I         92265.197    84  184698.394   184700.781   185262.100
 81  WAG+G4        90660.358    84  181488.717   181491.103   182052.422
 82  WAG+I+G4      90576.814    85  181323.628   181326.072   181894.045
 83  WAG+R2        91010.597    85  182191.195   182193.639   182761.611
 84  WAG+R3        90466.815    87  181107.631   181110.191   181691.469
 85  WAG+R4        90403.618    89  180985.236   180987.916   181582.496
 86  WAG+R5        90402.757    91  180987.514   180990.316   181598.195
 92  WAG+F         95449.712    102 191103.423   191106.946   191787.923
 93  WAG+F+I       92155.922    103 184517.844   184521.436   185209.055
 94  WAG+F+G4      90546.558    103 181299.116   181302.708   181990.327
 95  WAG+F+I+G4    90466.125    104 181140.249   181143.912   181838.171
 96  WAG+F+R2      90894.460    104 181996.920   182000.583   182694.842
 97  WAG+F+R3      90353.961    106 180919.921   180923.727   181631.264
 98  WAG+F+R4      90290.475    108 180796.949   180800.900   181521.714
 99  WAG+F+R5      90289.010    110 180798.021   180802.120   181536.207
105  cpREV         95943.351    83  192052.702   192055.032   192609.697
106  cpREV+I       92731.945    84  185631.889   185634.276   186195.595
107  cpREV+G4      90928.032    84  182024.064   182026.451   182587.770
108  cpREV+I+G4    90856.635    85  181883.270   181885.714   182453.687
109  cpREV+R2      91319.864    85  182809.727   182812.171   183380.144
110  cpREV+R3      90749.832    87  181673.665   181676.225   182257.503
111  cpREV+R4      90665.884    89  181509.769   181512.449   182107.029
112  cpREV+R5      90663.017    91  181508.034   181510.836   182118.716
118  cpREV+F       96126.901    102 192457.801   192461.324   193142.301
119  cpREV+F+I     92817.712    103 185841.424   185845.016   186532.635
120  cpREV+F+G4    91008.945    103 182223.890   182227.483   182915.101
121  cpREV+F+I+G4  90930.598    104 182069.197   182072.859   182767.118
122  cpREV+F+R2    91414.294    104 183036.587   183040.250   183734.509
123  cpREV+F+R3    90824.381    106 181860.763   181864.568   182572.106
124  cpREV+F+R4    90737.025    108 181690.050   181694.001   182414.815
125  cpREV+F+R5    90734.735    110 181689.471   181693.570   182427.657
131  mtREV         100255.860   83  200677.721   200680.051   201234.716
132  mtREV+I       97188.785    84  194545.569   194547.956   195109.275
133  mtREV+G4      94552.609    84  189273.219   189275.606   189836.925
134  mtREV+I+G4    94481.169    85  189132.339   189134.783   189702.755
135  mtREV+R2      95152.927    85  190475.854   190478.298   191046.271
136  mtREV+R3      94339.290    87  188852.580   188855.141   189436.419
137  mtREV+R4      94225.713    89  188629.425   188632.105   189226.685
138  mtREV+R5      94198.524    91  188579.049   188581.851   189189.730
139  mtREV+R6      94196.351    93  188578.701   188581.628   189202.804
144  mtREV+F       97089.080    102 194382.161   194385.683   195066.661
145  mtREV+F+I     93909.281    103 188024.561   188028.154   188715.772
146  mtREV+F+G4    91692.919    103 183591.837   183595.429   184283.048
147  mtREV+F+I+G4  91620.007    104 183448.015   183451.678   184145.937
148  mtREV+F+R2    92202.073    104 184612.146   184615.808   185310.067
149  mtREV+F+R3    91495.780    106 183203.560   183207.365   183914.903
150  mtREV+F+R4    91384.742    108 182985.483   182989.434   183710.248
151  mtREV+F+R5    91373.989    110 182967.979   182972.078   183706.165
152  mtREV+F+R6    91372.956    112 182969.913   182974.163   183721.521
157  rtREV         95722.979    83  191611.958   191614.288   192168.953
158  rtREV+I       92488.496    84  185144.991   185147.378   185708.697
159  rtREV+G4      90724.706    84  181617.411   181619.798   182181.117
160  rtREV+I+G4    90641.744    85  181453.488   181455.932   182023.905
161  rtREV+R2      91114.492    85  182398.984   182401.428   182969.400
162  rtREV+R3      90508.570    87  181191.140   181193.700   181774.978
163  rtREV+R4      90437.811    89  181053.622   181056.302   181650.882
164  rtREV+R5      90427.109    91  181036.217   181039.019   181646.899
165  rtREV+R6      90427.055    93  181040.110   181043.037   181664.213
170  rtREV+F       95210.029    102 190624.059   190627.581   191308.559
171  rtREV+F+I     91989.285    103 184184.570   184188.163   184875.781
172  rtREV+F+G4    90205.383    103 180616.767   180620.359   181307.978
173  rtREV+F+I+G4  90124.255    104 180456.511   180460.174   181154.433
174  rtREV+F+R2    90591.734    104 181391.468   181395.131   182089.390
175  rtREV+F+R3    89987.657    106 180187.313   180191.118   180898.656
176  rtREV+F+R4    89916.750    108 180049.500   180053.451   180774.265
177  rtREV+F+R5    89905.716    110 180031.432   180035.531   180769.618
178  rtREV+F+R6    89905.679    112 180035.359   180039.609   180786.967
183  mtART         101625.629   83  203417.258   203419.588   203974.253
184  mtART+I       98303.120    84  196774.239   196776.626   197337.945
185  mtART+G4      94452.060    84  189072.120   189074.506   189635.826
186  mtART+I+G4    94390.813    85  188951.626   188954.070   189522.043
187  mtART+R2      95332.496    85  190834.992   190837.436   191405.409
188  mtART+R3      94266.610    87  188707.221   188709.781   189291.059
189  mtART+R4      94085.081    89  188348.162   188350.841   188945.421
190  mtART+R5      94023.722    91  188229.444   188232.246   188840.126
191  mtART+R6      94023.697    93  188233.394   188236.320   188857.497
196  mtART+F       98003.233    102 196210.466   196213.988   196894.966
197  mtART+F+I     94749.681    103 189705.363   189708.955   190396.574
198  mtART+F+G4    91757.157    103 183720.315   183723.907   184411.526
199  mtART+F+I+G4  91684.796    104 183577.591   183581.254   184275.513
200  mtART+F+R2    92442.233    104 185092.466   185096.129   185790.388
201  mtART+F+R3    91543.607    106 183299.215   183303.020   184010.558
202  mtART+F+R4    91365.506    108 182947.013   182950.964   183671.777
203  mtART+F+R5    91332.739    110 182885.477   182889.577   183623.663
204  mtART+F+R6    91332.718    112 182889.435   182893.686   183641.043
209  mtZOA         99113.679    83  198393.358   198395.688   198950.353
210  mtZOA+I       96024.487    84  192216.975   192219.361   192780.681
211  mtZOA+G4      92778.780    84  185725.561   185727.948   186289.267
212  mtZOA+I+G4    92721.208    85  185612.415   185614.859   186182.832
213  mtZOA+R2      93493.408    85  187156.817   187159.261   187727.233
214  mtZOA+R3      92589.194    87  185352.389   185354.949   185936.227
215  mtZOA+R4      92438.332    89  185054.665   185057.345   185651.925
216  mtZOA+R5      92403.377    91  184988.755   184991.557   185599.436
217  mtZOA+R6      92403.337    93  184992.674   184995.600   185616.776
222  mtZOA+F       96448.925    102 193101.851   193105.374   193786.351
223  mtZOA+F+I     93299.674    103 186805.349   186808.941   187496.560
224  mtZOA+F+G4    90822.372    103 181850.744   181854.337   182541.955
225  mtZOA+F+I+G4  90748.973    104 181705.946   181709.609   182403.868
226  mtZOA+F+R2    91390.474    104 182988.949   182992.611   183686.870
227  mtZOA+F+R3    90601.645    106 181415.291   181419.096   182126.634
228  mtZOA+F+R4    90471.126    108 181158.253   181162.204   181883.017
229  mtZOA+F+R5    90452.410    110 181124.821   181128.920   181863.007
230  mtZOA+F+R6    90452.346    112 181128.692   181132.943   181880.300
235  VT            95751.572    83  191669.144   191671.474   192226.139
236  VT+I          92455.050    84  185078.099   185080.486   185641.805
237  VT+G4         90927.969    84  182023.937   182026.324   182587.643
238  VT+I+G4       90849.254    85  181868.508   181870.952   182438.925
239  VT+R2         91245.941    85  182661.882   182664.326   183232.298
240  VT+R3         90741.305    87  181656.610   181659.170   182240.448
241  VT+R4         90689.037    89  181556.074   181558.753   182153.333
242  VT+R5         90687.844    91  181557.689   181560.491   182168.370
248  VT+F          95685.533    102 191575.065   191578.588   192259.565
249  VT+F+I        92411.213    103 185028.426   185032.018   185719.637
250  VT+F+G4       90891.774    103 181989.547   181993.139   182680.758
251  VT+F+I+G4     90814.464    104 181836.927   181840.590   182534.849
252  VT+F+R2       91205.697    104 182619.393   182623.056   183317.315
253  VT+F+R3       90705.782    106 181623.564   181627.369   182334.907
254  VT+F+R4       90655.285    108 181526.569   181530.520   182251.334
255  VT+F+R5       90653.616    110 181527.231   181531.331   182265.418
261  LG            94963.802    83  190093.603   190095.933   190650.598
262  LG+I          91698.530    84  183565.061   183567.448   184128.767
263  LG+G4         89921.414    84  180010.827   180013.214   180574.533
264  LG+I+G4       89837.536    85  179845.072   179847.516   180415.488
265  LG+R2         90310.432    85  180790.864   180793.308   181361.280
266  LG+R3         89695.901    87  179565.802   179568.363   180149.641
267  LG+R4         89624.051    89  179426.102   179428.782   180023.362
268  LG+R5         89615.934    91  179413.868   179416.670   180024.549
274  LG+F          94887.878    102 189979.756   189983.278   190664.256
275  LG+F+I        91639.209    103 183484.417   183488.010   184175.628
276  LG+F+G4       89861.857    103 179929.714   179933.306   180620.925
277  LG+F+I+G4     89779.777    104 179767.554   179771.217   180465.476
278  LG+F+R2       90246.853    104 180701.706   180705.369   181399.628
279  LG+F+R3       89638.836    106 179489.673   179493.478   180201.016
280  LG+F+R4       89569.444    108 179354.889   179358.840   180079.653
281  LG+F+R5       89559.773    110 179339.546   179343.645   180077.732
282  LG+F+R6       89559.751    112 179343.502   179347.753   180095.110
287  DCMut         97112.976    83  194391.952   194394.283   194948.947
288  DCMut+I       93495.136    84  187158.273   187160.659   187721.978
289  DCMut+G4      91585.900    84  183339.801   183342.187   183903.506
290  DCMut+I+G4    91484.845    85  183139.690   183142.134   183710.106
291  DCMut+R2      92053.357    85  184276.714   184279.158   184847.131
292  DCMut+R3      91373.325    87  182920.650   182923.210   183504.488
293  DCMut+R4      91275.758    89  182729.516   182732.196   183326.776
294  DCMut+R5      91274.096    91  182730.192   182732.994   183340.874
300  DCMut+F       96653.213    102 193510.426   193513.948   194194.926
301  DCMut+F+I     93134.388    103 186474.775   186478.368   187165.986
302  DCMut+F+G4    91242.721    103 182691.442   182695.034   183382.653
303  DCMut+F+I+G4  91147.729    104 182503.458   182507.121   183201.380
304  DCMut+F+R2    91699.616    104 183607.232   183610.895   184305.154
305  DCMut+F+R3    91023.364    106 182258.727   182262.533   182970.070
306  DCMut+F+R4    90924.850    108 182065.700   182069.651   182790.465
307  DCMut+F+R5    90924.163    110 182068.325   182072.424   182806.511
313  PMB           96106.239    83  192378.477   192380.808   192935.472
314  PMB+I         92908.745    84  185985.491   185987.877   186549.196
315  PMB+G4        91390.845    84  182949.690   182952.077   183513.396
316  PMB+I+G4      91315.720    85  182801.440   182803.884   183371.857
317  PMB+R2        91702.455    85  183574.911   183577.355   184145.327
318  PMB+R3        91205.714    87  182585.429   182587.989   183169.267
319  PMB+R4        91160.491    89  182498.983   182501.662   183096.242
320  PMB+R5        91157.435    91  182496.870   182499.672   183107.551
326  PMB+F         96211.455    102 192626.910   192630.432   193311.410
327  PMB+F+I       92985.005    103 186176.011   186179.603   186867.222
328  PMB+F+G4      91473.440    103 183152.879   183156.472   183844.090
329  PMB+F+I+G4    91397.256    104 183002.512   183006.174   183700.433
330  PMB+F+R2      91784.803    104 183777.606   183781.269   184475.528
331  PMB+F+R3      91286.430    106 182784.860   182788.666   183496.203
332  PMB+F+R4      91240.174    108 182696.348   182700.299   183421.113
333  PMB+F+R5      91237.195    110 182694.391   182698.490   183432.577
339  HIVb          99829.369    83  199824.738   199827.068   200381.733
340  HIVb+I        95813.234    84  191794.468   191796.855   192358.174
341  HIVb+G4       93394.189    84  186956.378   186958.765   187520.084
342  HIVb+I+G4     93283.479    85  186736.958   186739.402   187307.375
343  HIVb+R2       94005.636    85  188181.272   188183.716   188751.689
344  HIVb+R3       93164.771    87  186503.543   186506.103   187087.381
345  HIVb+R4       93013.492    89  186204.984   186207.664   186802.244
346  HIVb+R5       93002.711    91  186187.422   186190.224   186798.103
347  HIVb+R6       93002.613    93  186191.227   186194.153   186815.329
352  HIVb+F        99648.308    102 199500.615   199504.138   200185.115
353  HIVb+F+I      95631.121    103 191468.242   191471.834   192159.453
354  HIVb+F+G4     93223.219    103 186652.437   186656.030   187343.648
355  HIVb+F+I+G4   93106.449    104 186420.899   186424.562   187118.821
356  HIVb+F+R2     93829.864    104 187867.728   187871.391   188565.650
357  HIVb+F+R3     92972.831    106 186157.663   186161.468   186869.006
358  HIVb+F+R4     92826.827    108 185869.653   185873.604   186594.418
359  HIVb+F+R5     92815.291    110 185850.583   185854.682   186588.769
360  HIVb+F+R6     92815.195    112 185854.390   185858.641   186605.998
365  HIVw          104569.851   83  209305.702   209308.032   209862.697
366  HIVw+I        100029.625   84  200227.250   200229.637   200790.956
367  HIVw+G4       97449.559    84  195067.117   195069.504   195630.823
368  HIVw+I+G4     97312.545    85  194795.089   194797.533   195365.506
369  HIVw+R2       98165.355    85  196500.710   196503.154   197071.127
370  HIVw+R3       97233.573    87  194641.147   194643.707   195224.985
371  HIVw+R4       97021.042    89  194220.084   194222.763   194817.343
372  HIVw+R5       96993.806    91  194169.611   194172.413   194780.293
373  HIVw+R6       96993.775    93  194173.550   194176.477   194797.653
378  HIVw+F        103508.067   102 207220.134   207223.656   207904.634
379  HIVw+F+I      98981.897    103 198169.793   198173.386   198861.004
380  HIVw+F+G4     96522.806    103 193251.612   193255.204   193942.823
381  HIVw+F+I+G4   96375.147    104 192958.295   192961.957   193656.216
382  HIVw+F+R2     97223.048    104 194654.096   194657.758   195352.017
383  HIVw+F+R3     96265.171    106 192742.341   192746.147   193453.685
384  HIVw+F+R4     96077.488    108 192370.977   192374.928   193095.741
385  HIVw+F+R5     96050.689    110 192321.378   192325.478   193059.565
386  HIVw+F+R6     96050.649    112 192325.299   192329.549   193076.907
391  JTTDCMut      96111.800    83  192389.599   192391.929   192946.594
392  JTTDCMut+I    92657.118    84  185482.237   185484.623   186045.942
393  JTTDCMut+G4   90902.655    84  181973.310   181975.697   182537.016
394  JTTDCMut+I+G4 90811.869    85  181793.738   181796.182   182364.155
395  JTTDCMut+R2   91299.190    85  182768.381   182770.825   183338.798
396  JTTDCMut+R3   90684.562    87  181543.125   181545.686   182126.963
397  JTTDCMut+R4   90610.742    89  181399.484   181402.164   181996.744
398  JTTDCMut+R5   90608.623    91  181399.245   181402.047   182009.927
404  JTTDCMut+F    95982.236    102 192168.472   192171.995   192852.972
405  JTTDCMut+F+I  92562.369    103 185330.738   185334.331   186021.949
406  JTTDCMut+F+G4 90807.126    103 181820.252   181823.844   182511.463
407  JTTDCMut+F+I+G4 90718.733    104 181645.466   181649.129   182343.388
408  JTTDCMut+F+R2 91199.306    104 182606.612   182610.275   183304.534
409  JTTDCMut+F+R3 90588.618    106 181389.237   181393.042   182100.580
410  JTTDCMut+F+R4 90514.794    108 181245.587   181249.538   181970.352
411  JTTDCMut+F+R5 90511.748    110 181243.497   181247.596   181981.683
417  FLU           98809.219    83  197784.437   197786.767   198341.432
418  FLU+I         95161.509    84  190491.018   190493.405   191054.724
419  FLU+G4        92758.452    84  185684.904   185687.291   186248.610
420  FLU+I+G4      92675.496    85  185520.992   185523.436   186091.409
421  FLU+R2        93338.598    85  186847.196   186849.640   187417.613
422  FLU+R3        92555.109    87  185284.218   185286.778   185868.056
423  FLU+R4        92397.362    89  184972.725   184975.404   185569.984
424  FLU+R5        92387.173    91  184956.346   184959.148   185567.027
425  FLU+R6        92387.128    93  184960.257   184963.183   185584.360
430  FLU+F         98687.391    102 197578.782   197582.304   198263.282
431  FLU+F+I       95060.547    103 190327.094   190330.686   191018.305
432  FLU+F+G4      92615.277    103 185436.553   185440.145   186127.764
433  FLU+F+I+G4    92529.002    104 185266.005   185269.667   185963.926
434  FLU+F+R2      93191.109    104 186590.219   186593.881   187288.140
435  FLU+F+R3      92403.565    106 185019.129   185022.935   185730.473
436  FLU+F+R4      92250.143    108 184716.286   184720.237   185441.051
437  FLU+F+R5      92233.438    110 184686.877   184690.976   185425.063
438  FLU+F+R6      92233.344    112 184690.688   184694.939   185442.296
443  Blosum62      95960.647    83  192087.293   192089.624   192644.288
444  Blosum62+I    92792.397    84  185752.793   185755.180   186316.499
445  Blosum62+G4   91257.674    84  182683.347   182685.734   183247.053
446  Blosum62+I+G4 91184.012    85  182538.024   182540.468   183108.441
447  Blosum62+R2   91573.635    85  183317.270   183319.714   183887.686
448  Blosum62+R3   91078.543    87  182331.087   182333.647   182914.925
449  Blosum62+R4   91027.998    89  182233.997   182236.676   182831.256
450  Blosum62+R5   91024.747    91  182231.495   182234.297   182842.176
456  Blosum62+F    96079.611    102 192363.223   192366.745   193047.723
457  Blosum62+F+I  92877.785    103 185961.570   185965.162   186652.780
458  Blosum62+F+G4 91355.829    103 182917.657   182921.249   183608.868
459  Blosum62+F+I+G4 91281.248    104 182770.496   182774.158   183468.417
460  Blosum62+F+R2 91670.942    104 183549.884   183553.546   184247.805
461  Blosum62+F+R3 91178.412    106 182568.824   182572.630   183280.167
462  Blosum62+F+R4 91126.889    108 182469.779   182473.730   183194.544
463  Blosum62+F+R5 91123.731    110 182467.461   182471.561   183205.648
469  mtMet         100291.601   83  200749.201   200751.532   201306.196
470  mtMet+I       97191.314    84  194550.627   194553.014   195114.333
471  mtMet+G4      94355.019    84  188878.038   188880.424   189441.744
472  mtMet+I+G4    94287.590    85  188745.180   188747.624   189315.597
473  mtMet+R2      94963.617    85  190097.234   190099.678   190667.651
474  mtMet+R3      94143.708    87  188461.416   188463.977   189045.255
475  mtMet+R4      94018.322    89  188214.645   188217.325   188811.905
476  mtMet+R5      93989.457    91  188160.914   188163.716   188771.595
477  mtMet+R6      93989.379    93  188164.758   188167.685   188788.861
482  mtMet+F       97239.229    102 194682.458   194685.981   195366.958
483  mtMet+F+I     94032.422    103 188270.843   188274.435   188962.054
484  mtMet+F+G4    91684.615    103 183575.229   183578.822   184266.440
485  mtMet+F+I+G4  91611.049    104 183430.099   183433.761   184128.020
486  mtMet+F+R2    92201.230    104 184610.460   184614.123   185308.382
487  mtMet+F+R3    91473.726    106 183159.451   183163.256   183870.794
488  mtMet+F+R4    91357.515    108 182931.031   182934.982   183655.796
489  mtMet+F+R5    91343.182    110 182906.364   182910.464   183644.551
490  mtMet+F+R6    91343.142    112 182910.285   182914.535   183661.892
495  mtVer         102352.559   83  204871.118   204873.448   205428.113
496  mtVer+I       99165.501    84  198499.003   198501.390   199062.709
497  mtVer+G4      95843.995    84  191855.991   191858.377   192419.697
498  mtVer+I+G4    95785.734    85  191741.469   191743.913   192311.885
499  mtVer+R2      96572.177    85  193314.354   193316.798   193884.771
500  mtVer+R3      95653.001    87  191480.002   191482.562   192063.840
501  mtVer+R4      95480.541    89  191139.083   191141.763   191736.343
502  mtVer+R5      95452.773    91  191087.546   191090.348   191698.228
503  mtVer+R6      95452.666    93  191091.333   191094.259   191715.435
508  mtVer+F       99285.483    102 198774.966   198778.489   199459.466
509  mtVer+F+I     95865.874    103 191937.747   191941.339   192628.958
510  mtVer+F+G4    93248.506    103 186703.011   186706.603   187394.222
511  mtVer+F+I+G4  93172.373    104 186552.746   186556.408   187250.667
512  mtVer+F+R2    93826.963    104 187861.926   187865.589   188559.848
513  mtVer+F+R3    93032.595    106 186277.191   186280.996   186988.534
514  mtVer+F+R4    92875.122    108 185966.243   185970.194   186691.008
515  mtVer+F+R5    92865.131    110 185950.262   185954.362   186688.449
516  mtVer+F+R6    92865.030    112 185954.060   185958.310   186705.668
521  mtInv         100075.692   83  200317.385   200319.715   200874.380
522  mtInv+I       96954.209    84  194076.417   194078.804   194640.123
523  mtInv+G4      94493.728    84  189155.455   189157.842   189719.161
524  mtInv+I+G4    94416.372    85  189002.744   189005.188   189573.161
525  mtInv+R2      95019.107    85  190208.214   190210.658   190778.631
526  mtInv+R3      94266.664    87  188707.327   188709.888   189291.166
527  mtInv+R4      94170.919    89  188519.838   188522.518   189117.098
528  mtInv+R5      94144.986    91  188471.973   188474.774   189082.654
529  mtInv+R6      94144.960    93  188475.920   188478.847   189100.023
534  mtInv+F       96209.397    102 192622.794   192626.316   193307.294
535  mtInv+F+I     93000.031    103 186206.063   186209.655   186897.274
536  mtInv+F+G4    90976.402    103 182158.803   182162.396   182850.014
537  mtInv+F+I+G4  90896.014    104 182000.028   182003.690   182697.949
538  mtInv+F+R2    91434.778    104 183077.556   183081.219   183775.478
539  mtInv+F+R3    90755.994    106 181723.989   181727.794   182435.332
540  mtInv+F+R4    90666.054    108 181548.108   181552.059   182272.872
541  mtInv+F+R5    90654.787    110 181529.574   181533.673   182267.760
542  mtInv+F+R6    90654.756    112 181533.512   181537.762   182285.120
Akaike Information Criterion:           LG+F+R5
Corrected Akaike Information Criterion: LG+F+R5
Bayesian Information Criterion:         LG+R4
Best-fit model: LG+R4 chosen according to BIC

All model information printed to concatenated.phy.model.gz
CPU time for ModelFinder: 16020.001 seconds (4h:27m:0s)
Wall-clock time for ModelFinder: 4203.413 seconds (1h:10m:3s)
Generating 1000 samples for ultrafast bootstrap (seed: 118167)...

NOTE: 100 MB RAM (0 GB) is required!
Estimate model parameters (epsilon = 0.100)
1. Initial log-likelihood: -90467.564
2. Current log-likelihood: -89801.755
3. Current log-likelihood: -89702.368
4. Current log-likelihood: -89669.910
5. Current log-likelihood: -89660.092
6. Current log-likelihood: -89655.778
7. Current log-likelihood: -89652.845
8. Current log-likelihood: -89650.444
9. Current log-likelihood: -89648.376
10. Current log-likelihood: -89646.667
11. Current log-likelihood: -89645.120
12. Current log-likelihood: -89643.696
13. Current log-likelihood: -89642.355
14. Current log-likelihood: -89641.065
15. Current log-likelihood: -89639.800
16. Current log-likelihood: -89638.547
17. Current log-likelihood: -89637.297
18. Current log-likelihood: -89636.046
19. Current log-likelihood: -89634.796
20. Current log-likelihood: -89633.556
21. Current log-likelihood: -89632.346
22. Current log-likelihood: -89631.159
23. Current log-likelihood: -89630.027
24. Current log-likelihood: -89628.969
25. Current log-likelihood: -89628.005
26. Current log-likelihood: -89627.146
27. Current log-likelihood: -89626.408
28. Current log-likelihood: -89625.793
29. Current log-likelihood: -89625.366
30. Current log-likelihood: -89625.011
31. Current log-likelihood: -89624.728
32. Current log-likelihood: -89624.506
33. Current log-likelihood: -89624.336
34. Current log-likelihood: -89624.208
Optimal log-likelihood: -89624.099
Site proportion and rates:  (0.513,0.098) (0.334,1.050) (0.132,3.145) (0.021,8.587)
Parameters optimization took 34 rounds (100.975 sec)
Computing ML distances based on estimated model parameters... 0.981 sec
Computing BIONJ tree...
0.001 seconds
Log-likelihood of BIONJ tree: -89629.547
--------------------------------------------------------------------
|             INITIALIZING CANDIDATE TREE SET                      |
--------------------------------------------------------------------
Generating 98 parsimony trees... 11.197 second
Computing log-likelihood of 98 initial trees ... 124.001 seconds
Current best score: -89624.099

Do NNI search on 20 best initial trees
Estimate model parameters (epsilon = 0.100)
BETTER TREE FOUND at iteration 1: -89607.414
Iteration 10 / LogL: -89607.814 / Time: 0h:6m:2s
Estimate model parameters (epsilon = 0.100)
UPDATE BEST LOG-LIKELIHOOD: -89606.513
Iteration 20 / LogL: -89609.752 / Time: 0h:8m:12s
Finish initializing candidate tree set (5)
Current best tree score: -89606.513 / CPU time: 381.091
Number of iterations: 20
--------------------------------------------------------------------
|               OPTIMIZING CANDIDATE TREE SET                      |
--------------------------------------------------------------------
Iteration 30 / LogL: -89607.444 / Time: 0h:10m:58s (0h:26m:50s left)
Iteration 40 / LogL: -89608.528 / Time: 0h:13m:22s (0h:20m:55s left)
Iteration 50 / LogL: -89614.301 / Time: 0h:15m:21s (0h:15m:59s left)
Log-likelihood cutoff on original alignment: -89682.705
Iteration 60 / LogL: -89609.648 / Time: 0h:17m:58s (0h:12m:29s left)
Iteration 70 / LogL: -89606.571 / Time: 0h:19m:59s (0h:8m:59s left)
Iteration 80 / LogL: -90810.692 / Time: 0h:21m:59s (0h:5m:50s left)
Iteration 90 / LogL: -89606.736 / Time: 0h:24m:17s (0h:3m:0s left)
Iteration 100 / LogL: -89628.233 / Time: 0h:26m:21s (0h:0m:15s left)
Log-likelihood cutoff on original alignment: -89680.526
NOTE: Bootstrap correlation coefficient of split occurrence frequencies: 1.000
TREE SEARCH COMPLETED AFTER 102 ITERATIONS / Time: 0h:26m:41s

--------------------------------------------------------------------
|                    FINALIZING TREE SEARCH                        |
--------------------------------------------------------------------
Performs final model parameters optimization
Estimate model parameters (epsilon = 0.010)
1. Initial log-likelihood: -89606.513
Optimal log-likelihood: -89606.512
Site proportion and rates:  (0.519,0.100) (0.337,1.077) (0.125,3.263) (0.020,9.056)
Parameters optimization took 1 rounds (1.166 sec)
BEST SCORE FOUND : -89606.512

Testing tree branches by SH-like aLRT with 1000 replicates...
3.860 sec.
Creating bootstrap support values...
Split supports printed to NEXUS file concatenated.phy.splits.nex
Total tree length: 2.834

Total number of iterations: 102
CPU time used for tree search: 7232.866 sec (2h:0m:32s)
Wall-clock time used for tree search: 1490.950 sec (0h:24m:50s)
Total CPU time used: 7803.244 sec (2h:10m:3s)
Total wall-clock time used: 1607.223 sec (0h:26m:47s)

Computing bootstrap consensus tree...
Reading input file concatenated.phy.splits.nex...
43 taxa and 118 splits.
Consensus tree written to concatenated.phy.contree
Reading input trees file concatenated.phy.contree
Log-likelihood of consensus tree: -89606.513

Analysis results written to: 
  IQ-TREE report:                concatenated.phy.iqtree
  Maximum-likelihood tree:       concatenated.phy.treefile
  Likelihood distances:          concatenated.phy.mldist

Ultrafast bootstrap approximation results written to:
  Split support values:          concatenated.phy.splits.nex
  Consensus tree:                concatenated.phy.contree
  Screen log file:               concatenated.phy.log

Date and Time: Tue Dec 25 22:07:23 2018
